#
# A fatal error has been detected by the Java Runtime Environment:
#
#  EXCEPTION_ACCESS_VIOLATION (0xc0000005) at pc=0x00007ff96fe23004, pid=18368, tid=15100
#
# JRE version: OpenJDK Runtime Environment (24.0+36) (build 24+36-3646)
# Java VM: OpenJDK 64-Bit Server VM (24+36-3646, mixed mode, emulated-client, sharing, tiered, compressed oops, compressed class ptrs, g1 gc, windows-amd64)
# Problematic frame:
# C  [libasyncProfiler.dll+0x93004]
#
# No core dump will be written. Minidumps are not enabled by default on client versions of Windows
#
# JFR recording file will be written. Location: C:\Users\josue\OneDrive\Imágenes\Documentos\Labo2PNC\labo02\hs_err_pid18368.jfr
#
# If you would like to submit a bug report, please visit:
#   https://bugreport.java.com/bugreport/crash.jsp
# The crash happened outside the Java Virtual Machine in native code.
# See problematic frame for where to report the bug.
#

---------------  S U M M A R Y ------------

Command Line: -XX:TieredStopAtLevel=1 -Dspring.output.ansi.enabled=always -Dcom.sun.management.jmxremote -Dspring.jmx.enabled=true -Dspring.liveBeansView.mbeanDomain -Dspring.application.admin.enabled=true -Dmanagement.endpoints.jmx.exposure.include=* -javaagent:C:\Program Files\JetBrains\IntelliJ IDEA 2024.3.4.1\lib\idea_rt.jar=62335 -Dfile.encoding=UTF-8 -Dsun.stdout.encoding=UTF-8 -Dsun.stderr.encoding=UTF-8 com.example.labo02.Labo02Application

Host: 13th Gen Intel(R) Core(TM) i7-1355U, 12 cores, 13G,  Windows 11 , 64 bit Build 26100 (10.0.26100.3912)
Time: Thu May  8 22:30:38 2025 Hora estándar, América Central elapsed time: 26.916151 seconds (0d 0h 0m 26s)

---------------  T H R E A D  ---------------

Current thread (0x000001cd7fde0820):  JavaThread "Attach Listener" daemon [_thread_in_native, id=15100, stack(0x00000067dee00000,0x00000067def00000) (1024K)]

Stack: [0x00000067dee00000,0x00000067def00000],  sp=0x00000067deefed40,  free space=1019k
Native frames: (J=compiled Java code, j=interpreted, Vv=VM code, C=native code)
C  [libasyncProfiler.dll+0x93004]  (no source info available)
C  [libasyncProfiler.dll+0x934db]  (no source info available)
C  [libasyncProfiler.dll+0x92134]  (no source info available)
C  [libasyncProfiler.dll+0x929aa]  (no source info available)
C  [libasyncProfiler.dll+0x8d561]  (no source info available)
C  [libasyncProfiler.dll+0x7ef21]  (no source info available)
C  [libasyncProfiler.dll+0x7dc38]  (no source info available)
C  [libasyncProfiler.dll+0x7db20]  (no source info available)
C  [libasyncProfiler.dll+0x84af9]  (no source info available)
V  [jvm.dll+0x57f1b7]  (no source info available)
V  [jvm.dll+0x57ff2c]  (no source info available)
V  [jvm.dll+0x14c9b7]  (no source info available)
V  [jvm.dll+0x14df81]  (no source info available)
V  [jvm.dll+0x42f566]  (no source info available)
V  [jvm.dll+0x87d8fb]  (no source info available)
V  [jvm.dll+0x72efe5]  (no source info available)
C  [ucrtbase.dll+0x37b0]  (no source info available)
C  [KERNEL32.DLL+0x2e8d7]  (no source info available)
C  [ntdll.dll+0x9c5dc]  (no source info available)


siginfo: EXCEPTION_ACCESS_VIOLATION (0xc0000005), reading address 0xffffffffffffffff


Registers:
RAX=0x0000000000000010, RBX=0x0000000000000000, RCX=0xffffffffffffffff, RDX=0x007ff92b052ff010
RSP=0x00000067deefed40, RBP=0x000001cd50bc2b08, RSI=0x00000067deefeeb0, RDI=0x000001cd50bc2b08
R8 =0x0000000000000042, R9 =0x0000000724800000, R10=0x00007ff92b2c9fc0, R11=0x0000000000000032
R12=0x00000067deefeeb0, R13=0x000001cd50b938b0, R14=0x000001cd7fde0be8, R15=0x000001cd7fde0be8
RIP=0x00007ff96fe23004, EFLAGS=0x0000000000010202

XMM[0]=0x0000000000000000 0x0000000000000000
XMM[1]=0x0000000000000000 0x0000000000000000
XMM[2]=0x0000000000000000 0x0000000000000000
XMM[3]=0x0000000000000000 0x0000000000000000
XMM[4]=0x0000000000000000 0x0000000000000000
XMM[5]=0x0000000000000000 0x0000000000000000
XMM[6]=0x0000000000000000 0x0000000000000000
XMM[7]=0x0000000000000000 0x0000000000000000
XMM[8]=0x0000000000000000 0x0000000000000000
XMM[9]=0x0000000000000000 0x0000000000000000
XMM[10]=0x0000000000000000 0x0000000000000000
XMM[11]=0x0000000000000000 0x0000000000000000
XMM[12]=0x0000000000000000 0x0000000000000000
XMM[13]=0x0000000000000000 0x0000000000000000
XMM[14]=0x0000000000000000 0x0000000000000000
XMM[15]=0x0000000000000000 0x0000000000000000
  MXCSR=0x00001fa0


Register to memory mapping:

RAX=0x0000000000000010 is an unknown value
RBX=0x0 is null
RCX=0xffffffffffffffff is an unknown value
RDX=0x007ff92b052ff010 is an unknown value
RSP=0x00000067deefed40 is pointing into the stack for thread: 0x000001cd7fde0820
RBP=0x000001cd50bc2b08 points into unknown readable memory: 0x0000000724800000 | 00 00 80 24 07 00 00 00
RSI=0x00000067deefeeb0 is pointing into the stack for thread: 0x000001cd7fde0820
RDI=0x000001cd50bc2b08 points into unknown readable memory: 0x0000000724800000 | 00 00 80 24 07 00 00 00
R8 =0x0000000000000042 is an unknown value
R9 =0x0000000724800000 is an oop: java.lang.ref.Reference$ReferenceHandler 
{0x0000000724800000} - klass: 'java/lang/ref/Reference$ReferenceHandler' - flags: 

 - ---- fields (total size 14 words):
 - 'threadLocalRandomProbe' 'I' @12  0 (0x00000000)
 - private volatile 'eetop' 'J' @16  1982125162736 (0x000001cd7fddc0f0)
 - private final 'tid' 'J' @24  14 (0x000000000000000e)
 - 'threadLocalRandomSeed' 'J' @32  0 (0x0000000000000000)
 - injected 'jvmti_thread_state' 'J' @40  1981296519984 (0x000001cd4e79ab30)
 - 'threadLocalRandomSecondarySeed' 'I' @48  0 (0x00000000)
 - injected 'jvmti_VTMS_transition_disable_count' 'I' @52  0 (0x00000000)
 - injected 'jfr_epoch' 'S' @56  0 (0x0000)
 - volatile 'interrupted' 'Z' @58  false (0x00)
 - injected 'jvmti_is_in_VTMS_transition' 'Z' @59  false (0x00)
 - private volatile 'name' 'Ljava/lang/String;' @60  "Reference Handler"{0x0000000725120aa0} (0xe4a24154)
 - private volatile 'contextClassLoader' 'Ljava/lang/ClassLoader;' @64  null (0x00000000)
 - private final 'holder' 'Ljava/lang/Thread$FieldHolder;' @68  a 'java/lang/Thread$FieldHolder'{0x00000007250145e8} (0xe4a028bd)
 - 'threadLocals' 'Ljava/lang/ThreadLocal$ThreadLocalMap;' @72  null (0x00000000)
 - 'inheritableThreadLocals' 'Ljava/lang/ThreadLocal$ThreadLocalMap;' @76  null (0x00000000)
 - private 'scopedValueBindings' 'Ljava/lang/Object;' @80  a 'java/lang/Class'{0x0000000725073448} = 'java/lang/Thread' (0xe4a0e689)
 - final 'interruptLock' 'Ljava/lang/Object;' @84  a 'java/lang/Object'{0x0000000725045ae0} (0xe4a08b5c)
 - private volatile 'parkBlocker' 'Ljava/lang/Object;' @88  null (0x00000000)
 - private 'nioBlocker' 'Lsun/nio/ch/Interruptible;' @92  null (0x00000000)
 - private 'cont' 'Ljdk/internal/vm/Continuation;' @96  null (0x00000000)
 - private volatile 'uncaughtExceptionHandler' 'Ljava/lang/Thread$UncaughtExceptionHandler;' @100  null (0x00000000)
 - private 'container' 'Ljdk/internal/vm/ThreadContainer;' @104  null (0x00000000)
 - private volatile 'headStackableScopes' 'Ljdk/internal/vm/StackableScope;' @108  null (0x00000000)
R10=0x00007ff92b2c9fc0 jvm.dll
R11=0x0000000000000032 is an unknown value
R12=0x00000067deefeeb0 is pointing into the stack for thread: 0x000001cd7fde0820
R13=0x000001cd50b938b0 points into unknown readable memory: 0x00007ff92b23a510 | 10 a5 23 2b f9 7f 00 00
R14=0x000001cd7fde0be8 points into unknown readable memory: 0x00007ff92b2317b0 | b0 17 23 2b f9 7f 00 00
R15=0x000001cd7fde0be8 points into unknown readable memory: 0x00007ff92b2317b0 | b0 17 23 2b f9 7f 00 00

Top of Stack: (sp=0x00000067deefed40)
0x00000067deefed40:   00000067deefeeb0 000001cd50bc2b08   ....g....+.P....
0x00000067deefed50:   0000000000000000 000001cd7fde0f70   ........p.......
0x00000067deefed60:   000000000000003c 00007ff96fe234db   <........4.o....
0x00000067deefed70:   0000000000000000 000001cd7fde0be8   ................
0x00000067deefed80:   00000067deefee01 0000000000000000   ....g...........
0x00000067deefed90:   000001cd5270e790 00007ff96fe22134   ..pR....4!.o....
0x00000067deefeda0:   0000000000000000 000000000000003c   ........<.......
0x00000067deefedb0:   0000000000000000 000000000000003c   ........<.......
0x00000067deefedc0:   0000002000000002 000001cd5270e8a0   .... .....pR....
0x00000067deefedd0:   000001cd5270e790 000001cd5270e880   ..pR......pR....
0x00000067deefede0:   000001cd5270e88c 0000000000005230   ..pR....0R......
0x00000067deefedf0:   0000000000000000 0000000000000000   ................
0x00000067deefee00:   0000000000000000 00007ff92aa958e4   .........X.*....
0x00000067deefee10:   00007ff96ff7ae00 00000000000047c0   ...o.....G......
0x00000067deefee20:   00007ff96ff7ae00 00000000ffffffff   ...o............
0x00000067deefee30:   0000000000000000 00007ff96fe229aa   .........).o....
0x00000067deefee40:   000001cd7fde0be8 0000000000000000   ................
0x00000067deefee50:   00000067deefeeb9 000001cd50b938b0   ....g....8.P....
0x00000067deefee60:   0000000000000004 0000000000000048   ........H.......
0x00000067deefee70:   0000000800800310 0000000000000020   ........ .......
0x00000067deefee80:   000001cd7fde0be8 00007ff96ff7ae00   ...........o....
0x00000067deefee90:   000001cd7fc910d0 000001cd4e79ab30   ........0.yN....
0x00000067deefeea0:   0000000800800390 000001cd7fde0be8   ................
0x00000067deefeeb0:   000001cd50a803c0 000001cd50a80b40   ...P....@..P....
0x00000067deefeec0:   000001cd50a80b40 00007ff96ff7ae00   @..P.......o....
0x00000067deefeed0:   000001cd4e075628 00000067deeff048   (V.N....H...g...
0x00000067deefeee0:   00000067deeff180 0000000000008840   ....g...@.......
0x00000067deefeef0:   00000067deeff360 00007ff96ff7ae50   `...g...P..o....
0x00000067deefef00:   0000000000989680 0000000000989680   ................
0x00000067deefef10:   00000067deeff020 00007ff96fe1d561    ...g...a..o....
0x00000067deefef20:   00007ff96ff7ae00 00007ff96ff7ae58   ...o....X..o....
0x00000067deefef30:   00007ff900000000 00007ff900000001   ................

Instructions: (pc=0x00007ff96fe23004)
  0x00007ff96fe22f04:   cc cc cc cc cc cc cc cc cc cc cc cc cc cc cc cc
  0x00007ff96fe22f14:   cc cc cc cc cc cc cc cc cc cc cc cc cc cc cc cc
  0x00007ff96fe22f24:   cc cc cc cc cc cc cc cc cc cc cc cc cc cc cc cc
  0x00007ff96fe22f34:   cc cc cc cc cc cc cc cc cc cc cc cc cc cc cc cc
  0x00007ff96fe22f44:   cc cc cc cc cc cc cc cc cc cc cc cc cc cc cc cc
  0x00007ff96fe22f54:   cc cc cc cc cc cc cc cc cc cc cc cc cc cc cc cc
  0x00007ff96fe22f64:   cc cc cc cc cc cc cc cc cc cc cc cc cc cc cc cc
  0x00007ff96fe22f74:   cc cc cc cc cc cc cc cc cc cc cc cc cc cc cc cc
  0x00007ff96fe22f84:   cc cc cc cc cc cc cc cc cc cc cc cc 40 57 48 83
  0x00007ff96fe22f94:   ec 20 48 8b f9 48 8b 0d 30 80 15 00 48 85 c9 74
  0x00007ff96fe22fa4:   20 48 8b 01 48 8d 54 24 38 41 b8 06 00 01 00 4c
  0x00007ff96fe22fb4:   8b 48 30 41 ff d1 85 c0 75 07 48 8b 4c 24 38 eb
  0x00007ff96fe22fc4:   02 33 c9 4c 8b 05 0a 81 15 00 48 89 5c 24 30 4d
  0x00007ff96fe22fd4:   85 c0 74 4a 48 8b 01 48 8b d7 4c 8b 88 28 03 00
  0x00007ff96fe22fe4:   00 41 ff d1 48 85 c0 74 35 48 63 0d b8 3d 15 00
  0x00007ff96fe22ff4:   48 8b 14 01 48 85 d2 74 15 48 63 05 bc 3d 15 00
=>0x00007ff96fe23004:   8b 04 10 48 8b 5c 24 30 48 83 c4 20 5f c3 b8 ff
  0x00007ff96fe23014:   ff ff ff 48 8b 5c 24 30 48 83 c4 20 5f c3 80 3d
  0x00007ff96fe23024:   bb 7f 15 00 00 bb ff ff ff ff 74 20 4c 8b 0d 51
  0x00007ff96fe23034:   7c 15 00 4c 8d 44 24 38 48 8b 0d 35 7c 15 00 48
  0x00007ff96fe23044:   8b d7 41 ff d1 85 c0 0f 44 5c 24 38 8b c3 48 8b
  0x00007ff96fe23054:   5c 24 30 48 83 c4 20 5f c3 cc cc cc cc cc cc cc
  0x00007ff96fe23064:   cc cc cc cc cc cc cc cc cc cc cc cc cc cc cc cc
  0x00007ff96fe23074:   cc cc cc cc cc cc cc cc cc cc cc cc cc cc cc cc
  0x00007ff96fe23084:   cc cc cc cc cc cc cc cc cc cc cc cc 48 89 54 24
  0x00007ff96fe23094:   10 53 55 56 57 41 56 41 57 48 83 ec 28 48 8b f2
  0x00007ff96fe230a4:   4c 8b f1 48 89 4c 24 78 45 33 ff 44 89 7c 24 68
  0x00007ff96fe230b4:   c7 44 24 60 01 00 00 00 48 8d 4c 24 68 e8 69 3c
  0x00007ff96fe230c4:   f7 ff 8b d8 48 8d 4c 24 60 e8 5d 3c f7 ff 8b e8
  0x00007ff96fe230d4:   49 8b ce e8 33 f3 f6 ff 48 8b f8 90 8b c3 f0 0f
  0x00007ff96fe230e4:   b1 2f 74 04 f3 90 eb f4 4c 89 3e 4c 89 7e 08 4c
  0x00007ff96fe230f4:   89 7e 10 49 8b 6e 08 4d 8b 76 10 49 3b ee 0f 84


Stack slot to memory mapping:

stack at sp + 0 slots: 0x00000067deefeeb0 is pointing into the stack for thread: 0x000001cd7fde0820
stack at sp + 1 slots: 0x000001cd50bc2b08 points into unknown readable memory: 0x0000000724800000 | 00 00 80 24 07 00 00 00
stack at sp + 2 slots: 0x0 is null
stack at sp + 3 slots: 0x000001cd7fde0f70 points into unknown readable memory: 0x6e616c2e6176616a | 6a 61 76 61 2e 6c 61 6e
stack at sp + 4 slots: 0x000000000000003c is an unknown value
stack at sp + 5 slots: 0x00007ff96fe234db libasyncProfiler.dll
stack at sp + 6 slots: 0x0 is null
stack at sp + 7 slots: 0x000001cd7fde0be8 points into unknown readable memory: 0x00007ff92b2317b0 | b0 17 23 2b f9 7f 00 00

Lock stack of current Java thread (top to bottom):


---------------  P R O C E S S  ---------------

Threads class SMR info:
_java_thread_list=0x000001cd50b304c0, length=37, elements={
0x000001cd7fddc0f0, 0x000001cd7fddd940, 0x000001cd7fddf810, 0x000001cd7fde0820,
0x000001cd7fde1350, 0x000001cd7fde3fc0, 0x000001cd7fdecb00, 0x000001cd4e0c86f0,
0x000001cd4e494320, 0x000001cd4e490c60, 0x000001cd4eab3270, 0x000001cd4eac7870,
0x000001cd4eaef780, 0x000001cd4eb0fa30, 0x000001cd4f521790, 0x000001cd4f562520,
0x000001cd4f560090, 0x000001cd4f561680, 0x000001cd4f562c70, 0x000001cd4f560f30,
0x000001cd4f5633c0, 0x000001cd50a52320, 0x000001cd50a531c0, 0x000001cd50a54f00,
0x000001cd50a547b0, 0x000001cd50a53910, 0x000001cd50a52a70, 0x000001cd50a54060,
0x000001cd50a51bd0, 0x000001cd50a57ae0, 0x000001cd50a58980, 0x000001cd50a564f0,
0x000001cd50a55650, 0x000001cd50a58230, 0x000001cd50a82990, 0x000001cd50a7fc30,
0x000001cd50a55da0
}

Java Threads: ( => current thread )
  0x000001cd7fddc0f0 JavaThread "Reference Handler"          daemon [_thread_blocked, id=16144, stack(0x00000067deb00000,0x00000067dec00000) (1024K)]
  0x000001cd7fddd940 JavaThread "Finalizer"                  daemon [_thread_blocked, id=13328, stack(0x00000067dec00000,0x00000067ded00000) (1024K)]
  0x000001cd7fddf810 JavaThread "Signal Dispatcher"          daemon [_thread_blocked, id=18508, stack(0x00000067ded00000,0x00000067dee00000) (1024K)]
=>0x000001cd7fde0820 JavaThread "Attach Listener"            daemon [_thread_in_native, id=15100, stack(0x00000067dee00000,0x00000067def00000) (1024K)]
  0x000001cd7fde1350 JavaThread "Service Thread"             daemon [_thread_blocked, id=11140, stack(0x00000067def00000,0x00000067df000000) (1024K)]
  0x000001cd7fde3fc0 JavaThread "Monitor Deflation Thread"   daemon [_thread_blocked, id=18688, stack(0x00000067df000000,0x00000067df100000) (1024K)]
  0x000001cd7fdecb00 JavaThread "C1 CompilerThread0"         daemon [_thread_blocked, id=19328, stack(0x00000067df100000,0x00000067df200000) (1024K)]
  0x000001cd4e0c86f0 JavaThread "Common-Cleaner"             daemon [_thread_blocked, id=19668, stack(0x00000067df200000,0x00000067df300000) (1024K)]
  0x000001cd4e494320 JavaThread "Monitor Ctrl-Break"         daemon [_thread_in_native, id=17344, stack(0x00000067df500000,0x00000067df600000) (1024K)]
  0x000001cd4e490c60 JavaThread "Notification Thread"        daemon [_thread_blocked, id=2608, stack(0x00000067df600000,0x00000067df700000) (1024K)]
  0x000001cd4eab3270 JavaThread "RMI TCP Accept-0"           daemon [_thread_in_native, id=11108, stack(0x00000067df800000,0x00000067df900000) (1024K)]
  0x000001cd4eac7870 JavaThread "RMI TCP Connection(1)-192.168.1.233" daemon [_thread_in_native, id=13176, stack(0x00000067df900000,0x00000067dfa00000) (1024K)]
  0x000001cd4eaef780 JavaThread "RMI Scheduler(0)"           daemon [_thread_blocked, id=15964, stack(0x00000067dfa00000,0x00000067dfb00000) (1024K)]
  0x000001cd4eb0fa30 JavaThread "JMX server connection timeout 31" daemon [_thread_blocked, id=7644, stack(0x00000067dfb00000,0x00000067dfc00000) (1024K)]
  0x000001cd4f521790 JavaThread "RMI TCP Connection(2)-192.168.1.233" daemon [_thread_in_native, id=12368, stack(0x00000067dfc00000,0x00000067dfd00000) (1024K)]
  0x000001cd4f562520 JavaThread "Catalina-utility-1"                [_thread_blocked, id=18472, stack(0x00000067e0300000,0x00000067e0400000) (1024K)]
  0x000001cd4f560090 JavaThread "Catalina-utility-2"                [_thread_blocked, id=20540, stack(0x00000067e0900000,0x00000067e0a00000) (1024K)]
  0x000001cd4f561680 JavaThread "container-0"                       [_thread_blocked, id=9208, stack(0x00000067e0a00000,0x00000067e0b00000) (1024K)]
  0x000001cd4f562c70 JavaThread "PostgreSQL-JDBC-Cleaner"    daemon [_thread_blocked, id=18484, stack(0x00000067e0c00000,0x00000067e0d00000) (1024K)]
  0x000001cd4f560f30 JavaThread "HikariPool-1 housekeeper"   daemon [_thread_blocked, id=5924, stack(0x00000067e0d00000,0x00000067e0e00000) (1024K)]
  0x000001cd4f5633c0 JavaThread "http-nio-8080-exec-1"       daemon [_thread_blocked, id=20336, stack(0x00000067e0f00000,0x00000067e1000000) (1024K)]
  0x000001cd50a52320 JavaThread "http-nio-8080-exec-2"       daemon [_thread_blocked, id=8832, stack(0x00000067e1000000,0x00000067e1100000) (1024K)]
  0x000001cd50a531c0 JavaThread "http-nio-8080-exec-3"       daemon [_thread_blocked, id=14940, stack(0x00000067e1100000,0x00000067e1200000) (1024K)]
  0x000001cd50a54f00 JavaThread "http-nio-8080-exec-4"       daemon [_thread_blocked, id=20280, stack(0x00000067e1200000,0x00000067e1300000) (1024K)]
  0x000001cd50a547b0 JavaThread "http-nio-8080-exec-5"       daemon [_thread_blocked, id=20520, stack(0x00000067e1300000,0x00000067e1400000) (1024K)]
  0x000001cd50a53910 JavaThread "http-nio-8080-exec-6"       daemon [_thread_blocked, id=20816, stack(0x00000067e1400000,0x00000067e1500000) (1024K)]
  0x000001cd50a52a70 JavaThread "http-nio-8080-exec-7"       daemon [_thread_blocked, id=17608, stack(0x00000067e1500000,0x00000067e1600000) (1024K)]
  0x000001cd50a54060 JavaThread "http-nio-8080-exec-8"       daemon [_thread_blocked, id=6180, stack(0x00000067e1600000,0x00000067e1700000) (1024K)]
  0x000001cd50a51bd0 JavaThread "http-nio-8080-exec-9"       daemon [_thread_blocked, id=7532, stack(0x00000067e1700000,0x00000067e1800000) (1024K)]
  0x000001cd50a57ae0 JavaThread "http-nio-8080-exec-10"      daemon [_thread_blocked, id=17808, stack(0x00000067e1800000,0x00000067e1900000) (1024K)]
  0x000001cd50a58980 JavaThread "http-nio-8080-Poller"       daemon [_thread_in_native, id=2612, stack(0x00000067e1900000,0x00000067e1a00000) (1024K)]
  0x000001cd50a564f0 JavaThread "http-nio-8080-Acceptor"     daemon [_thread_in_native, id=6424, stack(0x00000067e1a00000,0x00000067e1b00000) (1024K)]
  0x000001cd50a55650 JavaThread "DestroyJavaVM"                     [_thread_blocked, id=11176, stack(0x00000067de300000,0x00000067de400000) (1024K)]
  0x000001cd50a58230 JavaThread "JFR Recorder Thread"        daemon [_thread_in_native, id=6456, stack(0x00000067df300000,0x00000067df400000) (1024K)]
  0x000001cd50a82990 JavaThread "C1 CompilerThread1"         daemon [_thread_blocked, id=6960, stack(0x00000067df400000,0x00000067df500000) (1024K)]
  0x000001cd50a7fc30 JavaThread "C1 CompilerThread2"         daemon [_thread_blocked, id=20840, stack(0x00000067df700000,0x00000067df800000) (1024K)]
  0x000001cd50a55da0 JavaThread "JFR Periodic Tasks"         daemon [_thread_blocked, id=21040, stack(0x00000067e0e00000,0x00000067e0f00000) (1024K)]
Total: 37

Other Threads:
  0x000001cd7fdc9830 VMThread "VM Thread"                           [id=9156, stack(0x00000067dea00000,0x00000067deb00000) (1024K)]
  0x000001cd7fc98540 WatcherThread "VM Periodic Task Thread"        [id=16288, stack(0x00000067de900000,0x00000067dea00000) (1024K)]
  0x000001cd75df6470 WorkerThread "GC Thread#0"                     [id=17124, stack(0x00000067de400000,0x00000067de500000) (1024K)]
  0x000001cd4f699280 WorkerThread "GC Thread#1"                     [id=13840, stack(0x00000067dfd00000,0x00000067dfe00000) (1024K)]
  0x000001cd4f699630 WorkerThread "GC Thread#2"                     [id=12524, stack(0x00000067dfe00000,0x00000067dff00000) (1024K)]
  0x000001cd4f69a8f0 WorkerThread "GC Thread#3"                     [id=18400, stack(0x00000067dff00000,0x00000067e0000000) (1024K)]
  0x000001cd4f699a30 WorkerThread "GC Thread#4"                     [id=13820, stack(0x00000067e0000000,0x00000067e0100000) (1024K)]
  0x000001cd4f69a190 WorkerThread "GC Thread#5"                     [id=4300, stack(0x00000067e0100000,0x00000067e0200000) (1024K)]
  0x000001cd4f69b400 WorkerThread "GC Thread#6"                     [id=18648, stack(0x00000067e0200000,0x00000067e0300000) (1024K)]
  0x000001cd4f69b050 WorkerThread "GC Thread#7"                     [id=17128, stack(0x00000067e0400000,0x00000067e0500000) (1024K)]
  0x000001cd4fab8c70 WorkerThread "GC Thread#8"                     [id=16308, stack(0x00000067e0500000,0x00000067e0600000) (1024K)]
  0x000001cd4faba290 WorkerThread "GC Thread#9"                     [id=19244, stack(0x00000067e0600000,0x00000067e0700000) (1024K)]
  0x000001cd75e08680 ConcurrentGCThread "G1 Main Marker"            [id=18380, stack(0x00000067de500000,0x00000067de600000) (1024K)]
  0x000001cd75e09f90 WorkerThread "G1 Conc#0"                       [id=17164, stack(0x00000067de600000,0x00000067de700000) (1024K)]
  0x000001cd4fabb500 WorkerThread "G1 Conc#1"                       [id=9472, stack(0x00000067e0700000,0x00000067e0800000) (1024K)]
  0x000001cd4fabbc60 WorkerThread "G1 Conc#2"                       [id=1288, stack(0x00000067e0800000,0x00000067e0900000) (1024K)]
  0x000001cd7fc83400 ConcurrentGCThread "G1 Refine#0"               [id=10212, stack(0x00000067de700000,0x00000067de800000) (1024K)]
  0x000001cd7fc84d40 ConcurrentGCThread "G1 Service"                [id=18220, stack(0x00000067de800000,0x00000067de900000) (1024K)]
Total: 18

Threads with active compile tasks:
Total: 0

VM state: not at safepoint (normal execution)

VM Mutex/Monitor currently owned by a thread: None

Heap address: 0x0000000724400000, size: 3516 MB, Compressed Oops mode: Zero based, Oop shift amount: 3

CDS archive(s) mapped at: [0x000001cd09000000-0x000001cd09d40000-0x000001cd09d40000), size 13893632, SharedBaseAddress: 0x000001cd09000000, ArchiveRelocationMode: 1.
Compressed class space mapped at: 0x000001cd0a000000-0x000001cd4a000000, reserved size: 1073741824
UseCompressedClassPointers 1, UseCompactObjectHeaders 0
Narrow klass pointer bits 32, Max shift 3
Narrow klass base: 0x000001cd09000000, Narrow klass shift: 0
Encoding Range: [0x000001cd09000000 - 0x000001ce09000000), (4294967296 bytes)
Klass Range:    [0x000001cd09000000 - 0x000001cd4a000000), (1090519040 bytes)
Klass ID Range:  [8 - 1090519033) (1090519025)

GC Precious Log:
 CardTable entry size: 512
 Card Set container configuration: InlinePtr #cards 4 size 8 Array Of Cards #cards 16 size 48 Howl #buckets 8 coarsen threshold 3686 Howl Bitmap #cards 512 size 80 coarsen threshold 460 Card regions per heap region 1 cards per card region 4096
 CPUs: 12 total, 12 available
 Memory: 14060M
 Large Page Support: Disabled
 NUMA Support: Disabled
 Compressed Oops: Enabled (Zero based)
 Heap Region Size: 2M
 Heap Min Capacity: 8M
 Heap Initial Capacity: 220M
 Heap Max Capacity: 3516M
 Pre-touch: Disabled
 Parallel Workers: 10
 Concurrent Workers: 3
 Concurrent Refinement Workers: 10
 Periodic GC: Disabled

Heap:
 garbage-first heap   total reserved 3600384K, committed 98304K, used 58990K [0x0000000724400000, 0x0000000800000000)
  region size 2048K, 16 young (32768K), 2 survivors (4096K)
 Metaspace       used 67895K, committed 68608K, reserved 1114112K
  class space    used 8094K, committed 8384K, reserved 1048576K

Heap Regions: E=young(eden), S=young(survivor), O=old, HS=humongous(starts), HC=humongous(continues), CS=collection set, F=free, TAMS=top-at-mark-start, PB=parsable bottom
|   0|0x0000000724400000, 0x0000000724600000, 0x0000000724600000|100%| O|  |TAMS 0x0000000724400000| PB 0x0000000724400000| Untracked |  0
|   1|0x0000000724600000, 0x0000000724800000, 0x0000000724800000|100%| O|  |TAMS 0x0000000724600000| PB 0x0000000724600000| Untracked |  0
|   2|0x0000000724800000, 0x0000000724a00000, 0x0000000724a00000|100%| O|  |TAMS 0x0000000724800000| PB 0x0000000724800000| Untracked |  0
|   3|0x0000000724a00000, 0x0000000724c00000, 0x0000000724c00000|100%| O|  |TAMS 0x0000000724a00000| PB 0x0000000724a00000| Untracked |  0
|   4|0x0000000724c00000, 0x0000000724e00000, 0x0000000724e00000|100%| O|  |TAMS 0x0000000724c00000| PB 0x0000000724c00000| Untracked |  0
|   5|0x0000000724e00000, 0x0000000725000000, 0x0000000725000000|100%| O|  |TAMS 0x0000000724e00000| PB 0x0000000724e00000| Untracked |  0
|   6|0x0000000725000000, 0x0000000725200000, 0x0000000725200000|100%| O|  |TAMS 0x0000000725000000| PB 0x0000000725000000| Untracked |  0
|   7|0x0000000725200000, 0x0000000725400000, 0x0000000725400000|100%| O|  |TAMS 0x0000000725200000| PB 0x0000000725200000| Untracked |  0
|   8|0x0000000725400000, 0x0000000725600000, 0x0000000725600000|100%| O|  |TAMS 0x0000000725400000| PB 0x0000000725400000| Untracked |  0
|   9|0x0000000725600000, 0x00000007257ad880, 0x0000000725800000| 83%| O|Cm|TAMS 0x0000000725600000| PB 0x0000000725600000| Complete |  0
|  10|0x0000000725800000, 0x0000000725a00000, 0x0000000725a00000|100%| O|  |TAMS 0x0000000725800000| PB 0x0000000725800000| Untracked |  0
|  11|0x0000000725a00000, 0x0000000725c00000, 0x0000000725c00000|100%| O|  |TAMS 0x0000000725a00000| PB 0x0000000725a00000| Untracked |  0
|  12|0x0000000725c00000, 0x0000000725e00000, 0x0000000725e00000|100%| O|  |TAMS 0x0000000725c00000| PB 0x0000000725c00000| Untracked |  0
|  13|0x0000000725e00000, 0x0000000726000000, 0x0000000726000000|100%| O|  |TAMS 0x0000000725e00000| PB 0x0000000725e00000| Untracked |  0
|  14|0x0000000726000000, 0x000000072604b5a0, 0x0000000726200000| 14%| O|  |TAMS 0x0000000726000000| PB 0x0000000726000000| Untracked |  0
|  15|0x0000000726200000, 0x0000000726200000, 0x0000000726400000|  0%| F|  |TAMS 0x0000000726200000| PB 0x0000000726200000| Untracked |  0
|  16|0x0000000726400000, 0x0000000726600000, 0x0000000726600000|100%| O|  |TAMS 0x0000000726400000| PB 0x0000000726400000| Untracked |  0
|  17|0x0000000726600000, 0x0000000726600000, 0x0000000726800000|  0%| F|  |TAMS 0x0000000726600000| PB 0x0000000726600000| Untracked |  0
|  18|0x0000000726800000, 0x0000000726800000, 0x0000000726a00000|  0%| F|  |TAMS 0x0000000726800000| PB 0x0000000726800000| Untracked |  0
|  19|0x0000000726a00000, 0x0000000726a00000, 0x0000000726c00000|  0%| F|  |TAMS 0x0000000726a00000| PB 0x0000000726a00000| Untracked |  0
|  20|0x0000000726c00000, 0x0000000726c00000, 0x0000000726e00000|  0%| F|  |TAMS 0x0000000726c00000| PB 0x0000000726c00000| Untracked |  0
|  21|0x0000000726e00000, 0x0000000726e00000, 0x0000000727000000|  0%| F|  |TAMS 0x0000000726e00000| PB 0x0000000726e00000| Untracked |  0
|  22|0x0000000727000000, 0x00000007271a2da0, 0x0000000727200000| 81%| S|CS|TAMS 0x0000000727000000| PB 0x0000000727000000| Complete |  0
|  23|0x0000000727200000, 0x0000000727400000, 0x0000000727400000|100%| S|CS|TAMS 0x0000000727200000| PB 0x0000000727200000| Complete |  0
|  24|0x0000000727400000, 0x0000000727400000, 0x0000000727600000|  0%| F|  |TAMS 0x0000000727400000| PB 0x0000000727400000| Untracked |  0
|  25|0x0000000727600000, 0x0000000727600000, 0x0000000727800000|  0%| F|  |TAMS 0x0000000727600000| PB 0x0000000727600000| Untracked |  0
|  26|0x0000000727800000, 0x0000000727800000, 0x0000000727a00000|  0%| F|  |TAMS 0x0000000727800000| PB 0x0000000727800000| Untracked |  0
|  27|0x0000000727a00000, 0x0000000727a00000, 0x0000000727c00000|  0%| F|  |TAMS 0x0000000727a00000| PB 0x0000000727a00000| Untracked |  0
|  28|0x0000000727c00000, 0x0000000727c00000, 0x0000000727e00000|  0%| F|  |TAMS 0x0000000727c00000| PB 0x0000000727c00000| Untracked |  0
|  29|0x0000000727e00000, 0x0000000727e00000, 0x0000000728000000|  0%| F|  |TAMS 0x0000000727e00000| PB 0x0000000727e00000| Untracked |  0
|  30|0x0000000728000000, 0x0000000728000000, 0x0000000728200000|  0%| F|  |TAMS 0x0000000728000000| PB 0x0000000728000000| Untracked |  0
|  31|0x0000000728200000, 0x0000000728200000, 0x0000000728400000|  0%| F|  |TAMS 0x0000000728200000| PB 0x0000000728200000| Untracked |  0
|  32|0x0000000728400000, 0x0000000728400000, 0x0000000728600000|  0%| F|  |TAMS 0x0000000728400000| PB 0x0000000728400000| Untracked |  0
|  33|0x0000000728600000, 0x0000000728600000, 0x0000000728800000|  0%| F|  |TAMS 0x0000000728600000| PB 0x0000000728600000| Untracked |  0
|  34|0x0000000728800000, 0x0000000728899568, 0x0000000728a00000| 29%| E|  |TAMS 0x0000000728800000| PB 0x0000000728800000| Complete |  0
|  35|0x0000000728a00000, 0x0000000728c00000, 0x0000000728c00000|100%| E|CS|TAMS 0x0000000728a00000| PB 0x0000000728a00000| Complete |  0
|  36|0x0000000728c00000, 0x0000000728e00000, 0x0000000728e00000|100%| E|CS|TAMS 0x0000000728c00000| PB 0x0000000728c00000| Complete |  0
|  37|0x0000000728e00000, 0x0000000729000000, 0x0000000729000000|100%| E|CS|TAMS 0x0000000728e00000| PB 0x0000000728e00000| Complete |  0
|  38|0x0000000729000000, 0x0000000729200000, 0x0000000729200000|100%| E|CS|TAMS 0x0000000729000000| PB 0x0000000729000000| Complete |  0
|  39|0x0000000729200000, 0x0000000729400000, 0x0000000729400000|100%| E|CS|TAMS 0x0000000729200000| PB 0x0000000729200000| Complete |  0
|  40|0x0000000729400000, 0x0000000729600000, 0x0000000729600000|100%| E|CS|TAMS 0x0000000729400000| PB 0x0000000729400000| Complete |  0
|  41|0x0000000729600000, 0x0000000729800000, 0x0000000729800000|100%| E|CS|TAMS 0x0000000729600000| PB 0x0000000729600000| Complete |  0
|  42|0x0000000729800000, 0x0000000729a00000, 0x0000000729a00000|100%| E|CS|TAMS 0x0000000729800000| PB 0x0000000729800000| Complete |  0
|  43|0x0000000729a00000, 0x0000000729c00000, 0x0000000729c00000|100%| E|  |TAMS 0x0000000729a00000| PB 0x0000000729a00000| Complete |  0
|  44|0x0000000729c00000, 0x0000000729e00000, 0x0000000729e00000|100%| E|CS|TAMS 0x0000000729c00000| PB 0x0000000729c00000| Complete |  0
|  45|0x0000000729e00000, 0x000000072a000000, 0x000000072a000000|100%| E|CS|TAMS 0x0000000729e00000| PB 0x0000000729e00000| Complete |  0
|  86|0x000000072f000000, 0x000000072f200000, 0x000000072f200000|100%| E|CS|TAMS 0x000000072f000000| PB 0x000000072f000000| Complete |  0
|1757|0x00000007ffe00000, 0x0000000800000000, 0x0000000800000000|100%| E|CS|TAMS 0x00000007ffe00000| PB 0x00000007ffe00000| Complete |  0

Card table byte_map: [0x000001cd7f170000,0x000001cd7f850000] _byte_map_base: 0x000001cd7b84e000

Marking Bits: (CMBitMap*) 0x000001cd75df6a90
 Bits: [0x000001cd03000000, 0x000001cd066f0000)

Polling page: 0x000001cd73ba0000

Metaspace:

Usage:
  Non-class:     58.40 MB used.
      Class:      7.90 MB used.
       Both:     66.30 MB used.

Virtual space:
  Non-class space:       64.00 MB reserved,      58.81 MB ( 92%) committed,  1 nodes.
      Class space:        1.00 GB reserved,       8.19 MB ( <1%) committed,  1 nodes.
             Both:        1.06 GB reserved,      67.00 MB (  6%) committed. 

Chunk freelists:
   Non-Class:  4.99 MB
       Class:  7.72 MB
        Both:  12.71 MB

MaxMetaspaceSize: unlimited
CompressedClassSpaceSize: 1.00 GB
Initial GC threshold: 21.00 MB
Current GC threshold: 105.25 MB
CDS: on
 - commit_granule_bytes: 65536.
 - commit_granule_words: 8192.
 - virtual_space_node_default_size: 8388608.
 - enlarge_chunks_in_place: 1.
UseCompressedClassPointers 1, UseCompactObjectHeaders 0
Narrow klass pointer bits 32, Max shift 3
Narrow klass base: 0x000001cd09000000, Narrow klass shift: 0
Encoding Range: [0x000001cd09000000 - 0x000001ce09000000), (4294967296 bytes)
Klass Range:    [0x000001cd09000000 - 0x000001cd4a000000), (1090519040 bytes)
Klass ID Range:  [8 - 1090519033) (1090519025)


Internal statistics:

num_allocs_failed_limit: 9.
num_arena_births: 784.
num_arena_deaths: 0.
num_vsnodes_births: 2.
num_vsnodes_deaths: 0.
num_space_committed: 1072.
num_space_uncommitted: 0.
num_chunks_returned_to_freelist: 9.
num_chunks_taken_from_freelist: 3069.
num_chunk_merges: 9.
num_chunk_splits: 2317.
num_chunks_enlarged: 1908.
num_inconsistent_stats: 0.

CodeCache: size=49152Kb used=11468Kb max_used=11739Kb free=37683Kb
 bounds [0x000001cd00000000, 0x000001cd00b80000, 0x000001cd03000000]
 total_blobs=8315, nmethods=7607, adapters=631, full_count=0
Compilation: enabled, stopped_count=0, restarted_count=0

Compilation events (20 events):
Event: 26.825 Thread 0x000001cd7fdecb00 7685       1       jdk.jfr.internal.EventControl::getEventType (5 bytes)
Event: 26.825 Thread 0x000001cd50a82990 7686       1       jdk.jfr.internal.EventControl::getSettingsId (5 bytes)
Event: 26.825 Thread 0x000001cd50a7fc30 7687       1       jdk.jfr.internal.EventControl::getNamedControls (5 bytes)
Event: 26.825 Thread 0x000001cd7fdecb00 nmethod 7685 0x000001cd001fce08 code [0x000001cd001fcf00, 0x000001cd001fcfc8]
Event: 26.825 Thread 0x000001cd7fdecb00 7689   !   1       jdk.jfr.internal.Control::setValue (102 bytes)
Event: 26.825 Thread 0x000001cd50a7fc30 nmethod 7687 0x000001cd001fcb08 code [0x000001cd001fcc00, 0x000001cd001fccc8]
Event: 26.825 Thread 0x000001cd50a82990 nmethod 7686 0x000001cd001fc808 code [0x000001cd001fc900, 0x000001cd001fc9c8]
Event: 26.825 Thread 0x000001cd50a7fc30 7690       1       jdk.jfr.internal.SettingsManager$InternalSetting::getValues (35 bytes)
Event: 26.825 Thread 0x000001cd50a82990 7691       1       jdk.jfr.internal.Control::apply (10 bytes)
Event: 26.825 Thread 0x000001cd50a82990 nmethod 7691 0x000001cd001fc508 code [0x000001cd001fc620, 0x000001cd001fc730]
Event: 26.825 Thread 0x000001cd50a82990 7692       1       jdk.jfr.internal.Control::findCombine (121 bytes)
Event: 26.825 Thread 0x000001cd50a7fc30 nmethod 7690 0x000001cd001fc188 code [0x000001cd001fc2c0, 0x000001cd001fc4c8]
Event: 26.825 Thread 0x000001cd50a7fc30 7688       1       jdk.jfr.internal.PlatformEventType::isEnabled (5 bytes)
Event: 26.825 Thread 0x000001cd50a7fc30 nmethod 7688 0x000001cd001fbe88 code [0x000001cd001fbf80, 0x000001cd001fc048]
Event: 26.826 Thread 0x000001cd7fdecb00 nmethod 7689 0x000001cd001fb588 code [0x000001cd001fb780, 0x000001cd001fbe10]
Event: 26.826 Thread 0x000001cd50a82990 nmethod 7692 0x000001cd001fac08 code [0x000001cd001fadc0, 0x000001cd001fb570]
Event: 26.831 Thread 0x000001cd50a82990 7693       1       jdk.jfr.internal.periodic.EventTask::getEventType (5 bytes)
Event: 26.831 Thread 0x000001cd50a82990 nmethod 7693 0x000001cd001fa908 code [0x000001cd001faa00, 0x000001cd001faac8]
Event: 26.831 Thread 0x000001cd7fdecb00 7694       1       jdk.jfr.internal.periodic.PeriodicTask::getPeriod (5 bytes)
Event: 26.831 Thread 0x000001cd7fdecb00 nmethod 7694 0x000001cd001fa608 code [0x000001cd001fa700, 0x000001cd001fa7c8]

GC Heap History (20 events):
Event: 4.116 GC heap before
{Heap before GC invocations=7 (full 0):
 garbage-first heap   total reserved 3600384K, committed 55296K, used 27222K [0x0000000724400000, 0x0000000800000000)
  region size 2048K, 5 young (10240K), 1 survivors (2048K)
 Metaspace       used 35754K, committed 36160K, reserved 1114112K
  class space    used 4017K, committed 4224K, reserved 1048576K
}
Event: 4.120 GC heap after
{Heap after GC invocations=8 (full 0):
 garbage-first heap   total reserved 3600384K, committed 141312K, used 21357K [0x0000000724400000, 0x0000000800000000)
  region size 2048K, 1 young (2048K), 1 survivors (2048K)
 Metaspace       used 35754K, committed 36160K, reserved 1114112K
  class space    used 4017K, committed 4224K, reserved 1048576K
}
Event: 5.287 GC heap before
{Heap before GC invocations=9 (full 0):
 garbage-first heap   total reserved 3600384K, committed 75776K, used 62317K [0x0000000724400000, 0x0000000800000000)
  region size 2048K, 22 young (45056K), 1 survivors (2048K)
 Metaspace       used 46228K, committed 46656K, reserved 1114112K
  class space    used 5063K, committed 5248K, reserved 1048576K
}
Event: 5.294 GC heap after
{Heap after GC invocations=10 (full 0):
 garbage-first heap   total reserved 3600384K, committed 75776K, used 24083K [0x0000000724400000, 0x0000000800000000)
  region size 2048K, 3 young (6144K), 3 survivors (6144K)
 Metaspace       used 46228K, committed 46656K, reserved 1114112K
  class space    used 5063K, committed 5248K, reserved 1048576K
}
Event: 6.107 GC heap before
{Heap before GC invocations=10 (full 0):
 garbage-first heap   total reserved 3600384K, committed 75776K, used 60947K [0x0000000724400000, 0x0000000800000000)
  region size 2048K, 21 young (43008K), 3 survivors (6144K)
 Metaspace       used 53285K, committed 53824K, reserved 1114112K
  class space    used 5965K, committed 6208K, reserved 1048576K
}
Event: 6.115 GC heap after
{Heap after GC invocations=11 (full 0):
 garbage-first heap   total reserved 3600384K, committed 75776K, used 25533K [0x0000000724400000, 0x0000000800000000)
  region size 2048K, 3 young (6144K), 3 survivors (6144K)
 Metaspace       used 53285K, committed 53824K, reserved 1114112K
  class space    used 5965K, committed 6208K, reserved 1048576K
}
Event: 7.894 GC heap before
{Heap before GC invocations=11 (full 0):
 garbage-first heap   total reserved 3600384K, committed 75776K, used 60349K [0x0000000724400000, 0x0000000800000000)
  region size 2048K, 20 young (40960K), 3 survivors (6144K)
 Metaspace       used 58193K, committed 58752K, reserved 1114112K
  class space    used 6557K, committed 6784K, reserved 1048576K
}
Event: 7.905 GC heap after
{Heap after GC invocations=12 (full 0):
 garbage-first heap   total reserved 3600384K, committed 75776K, used 29184K [0x0000000724400000, 0x0000000800000000)
  region size 2048K, 3 young (6144K), 3 survivors (6144K)
 Metaspace       used 58193K, committed 58752K, reserved 1114112K
  class space    used 6557K, committed 6784K, reserved 1048576K
}
Event: 8.124 GC heap before
{Heap before GC invocations=12 (full 0):
 garbage-first heap   total reserved 3600384K, committed 75776K, used 39424K [0x0000000724400000, 0x0000000800000000)
  region size 2048K, 10 young (20480K), 3 survivors (6144K)
 Metaspace       used 60110K, committed 60608K, reserved 1114112K
  class space    used 6759K, committed 6976K, reserved 1048576K
}
Event: 8.133 GC heap after
{Heap after GC invocations=13 (full 0):
 garbage-first heap   total reserved 3600384K, committed 75776K, used 29989K [0x0000000724400000, 0x0000000800000000)
  region size 2048K, 1 young (2048K), 1 survivors (2048K)
 Metaspace       used 60110K, committed 60608K, reserved 1114112K
  class space    used 6759K, committed 6976K, reserved 1048576K
}
Event: 8.507 GC heap before
{Heap before GC invocations=14 (full 0):
 garbage-first heap   total reserved 3600384K, committed 75776K, used 62757K [0x0000000724400000, 0x0000000800000000)
  region size 2048K, 17 young (34816K), 1 survivors (2048K)
 Metaspace       used 62300K, committed 62848K, reserved 1114112K
  class space    used 7268K, committed 7488K, reserved 1048576K
}
Event: 8.513 GC heap after
{Heap after GC invocations=15 (full 0):
 garbage-first heap   total reserved 3600384K, committed 75776K, used 31745K [0x0000000724400000, 0x0000000800000000)
  region size 2048K, 2 young (4096K), 2 survivors (4096K)
 Metaspace       used 62300K, committed 62848K, reserved 1114112K
  class space    used 7268K, committed 7488K, reserved 1048576K
}
Event: 8.632 GC heap before
{Heap before GC invocations=15 (full 0):
 garbage-first heap   total reserved 3600384K, committed 75776K, used 60417K [0x0000000724400000, 0x0000000800000000)
  region size 2048K, 17 young (34816K), 2 survivors (4096K)
 Metaspace       used 62969K, committed 63552K, reserved 1114112K
  class space    used 7325K, committed 7552K, reserved 1048576K
}
Event: 8.641 GC heap after
{Heap after GC invocations=16 (full 0):
 garbage-first heap   total reserved 3600384K, committed 75776K, used 31192K [0x0000000724400000, 0x0000000800000000)
  region size 2048K, 2 young (4096K), 2 survivors (4096K)
 Metaspace       used 62969K, committed 63552K, reserved 1114112K
  class space    used 7325K, committed 7552K, reserved 1048576K
}
Event: 8.819 GC heap before
{Heap before GC invocations=16 (full 0):
 garbage-first heap   total reserved 3600384K, committed 75776K, used 63960K [0x0000000724400000, 0x0000000800000000)
  region size 2048K, 18 young (36864K), 2 survivors (4096K)
 Metaspace       used 64076K, committed 64640K, reserved 1114112K
  class space    used 7652K, committed 7872K, reserved 1048576K
}
Event: 8.825 GC heap after
{Heap after GC invocations=17 (full 0):
 garbage-first heap   total reserved 3600384K, committed 75776K, used 32177K [0x0000000724400000, 0x0000000800000000)
  region size 2048K, 2 young (4096K), 2 survivors (4096K)
 Metaspace       used 64076K, committed 64640K, reserved 1114112K
  class space    used 7652K, committed 7872K, reserved 1048576K
}
Event: 8.894 GC heap before
{Heap before GC invocations=17 (full 0):
 garbage-first heap   total reserved 3600384K, committed 75776K, used 64945K [0x0000000724400000, 0x0000000800000000)
  region size 2048K, 18 young (36864K), 2 survivors (4096K)
 Metaspace       used 64078K, committed 64640K, reserved 1114112K
  class space    used 7652K, committed 7872K, reserved 1048576K
}
Event: 8.902 GC heap after
{Heap after GC invocations=18 (full 0):
 garbage-first heap   total reserved 3600384K, committed 98304K, used 34589K [0x0000000724400000, 0x0000000800000000)
  region size 2048K, 3 young (6144K), 3 survivors (6144K)
 Metaspace       used 64078K, committed 64640K, reserved 1114112K
  class space    used 7652K, committed 7872K, reserved 1048576K
}
Event: 9.325 GC heap before
{Heap before GC invocations=19 (full 0):
 garbage-first heap   total reserved 3600384K, committed 98304K, used 81693K [0x0000000724400000, 0x0000000800000000)
  region size 2048K, 27 young (55296K), 3 survivors (6144K)
 Metaspace       used 66075K, committed 66688K, reserved 1114112K
  class space    used 7869K, committed 8128K, reserved 1048576K
}
Event: 9.333 GC heap after
{Heap after GC invocations=20 (full 0):
 garbage-first heap   total reserved 3600384K, committed 98304K, used 34414K [0x0000000724400000, 0x0000000800000000)
  region size 2048K, 2 young (4096K), 2 survivors (4096K)
 Metaspace       used 66075K, committed 66688K, reserved 1114112K
  class space    used 7869K, committed 8128K, reserved 1048576K
}

Dll operation events (13 events):
Event: 0.015 Loaded shared library C:\Users\josue\.jdks\openjdk-24\bin\java.dll
Event: 0.183 Loaded shared library C:\Users\josue\.jdks\openjdk-24\bin\zip.dll
Event: 0.189 Loaded shared library C:\Users\josue\.jdks\openjdk-24\bin\instrument.dll
Event: 0.197 Loaded shared library C:\Users\josue\.jdks\openjdk-24\bin\net.dll
Event: 0.201 Loaded shared library C:\Users\josue\.jdks\openjdk-24\bin\nio.dll
Event: 0.208 Loaded shared library C:\Users\josue\.jdks\openjdk-24\bin\zip.dll
Event: 0.249 Loaded shared library C:\Users\josue\.jdks\openjdk-24\bin\jimage.dll
Event: 0.367 Loaded shared library C:\Users\josue\.jdks\openjdk-24\bin\extnet.dll
Event: 0.375 Loaded shared library C:\Users\josue\.jdks\openjdk-24\bin\management.dll
Event: 0.389 Loaded shared library C:\Users\josue\.jdks\openjdk-24\bin\management_ext.dll
Event: 2.343 Loaded shared library C:\Users\josue\.jdks\openjdk-24\bin\sunmscapi.dll
Event: 4.113 Loaded shared library C:\Users\josue\.jdks\openjdk-24\bin\verify.dll
Event: 26.620 Loaded shared library C:\Users\josue\AppData\Local\Temp\idea_libasyncProfiler_dll_temp_folder1\libasyncProfiler.dll

Deoptimization events (2 events):
Event: 2.080 Thread 0x000001cd75d975d0 DEOPT PACKING pc=0x000001cd005deb4c sp=0x00000067de3fe550
Event: 2.080 Thread 0x000001cd75d975d0 DEOPT UNPACKING pc=0x000001cd00055722 sp=0x00000067de3fda60 mode 0

Classes loaded (20 events):
Event: 26.796 Loading class jdk/jfr/internal/MetadataWriter
Event: 26.796 Loading class jdk/jfr/internal/MetadataWriter done
Event: 26.796 Loading class jdk/jfr/internal/MetadataDescriptor$Element
Event: 26.796 Loading class jdk/jfr/internal/MetadataDescriptor$Element done
Event: 26.797 Loading class jdk/jfr/internal/MetadataDescriptor$Attribute
Event: 26.797 Loading class jdk/jfr/internal/MetadataDescriptor$Attribute done
Event: 26.804 Loading class jdk/jfr/internal/consumer/StringParser$Encoding
Event: 26.805 Loading class jdk/jfr/internal/consumer/StringParser$Encoding done
Event: 26.815 Loading class jdk/jfr/internal/consumer/RepositoryFiles
Event: 26.816 Loading class jdk/jfr/internal/consumer/RepositoryFiles done
Event: 26.821 Loading class jdk/jfr/internal/SettingsManager$InternalSetting
Event: 26.822 Loading class jdk/jfr/internal/SettingsManager$InternalSetting done
Event: 26.823 Loading class jdk/jfr/internal/util/Rate
Event: 26.823 Loading class jdk/jfr/internal/util/Rate done
Event: 26.824 Loading class jdk/jfr/internal/util/TimespanUnit
Event: 26.824 Loading class jdk/jfr/internal/util/TimespanUnit done
Event: 26.824 Loading class jdk/jfr/internal/util/ValueParser
Event: 26.824 Loading class jdk/jfr/internal/util/ValueParser done
Event: 26.826 Loading class jdk/jfr/internal/periodic/PeriodicType
Event: 26.826 Loading class jdk/jfr/internal/periodic/PeriodicType done

Classes unloaded (0 events):
No events

Classes redefined (0 events):
No events

Internal exceptions (20 events):
Event: 7.638 Thread 0x000001cd75d975d0 Exception <a 'java/lang/NoSuchMethodError'{0x000000072775ddd8}: 'void java.lang.invoke.Invokers$Holder.invokeExact_MT(java.lang.Object, java.lang.Object, java.lang.Object, java.lang.Object)'> (0x000000072775ddd8) 
thrown [s\open\src\hotspot\share\interpreter\linkResolver.cpp, line 805]
Event: 7.683 Thread 0x000001cd75d975d0 Exception <a 'java/lang/IncompatibleClassChangeError'{0x0000000727545948}: Found class java.lang.Object, but interface was expected> (0x0000000727545948) 
thrown [s\open\src\hotspot\share\interpreter\linkResolver.cpp, line 872]
Event: 7.737 Thread 0x000001cd75d975d0 Exception <a 'java/lang/NoSuchMethodError'{0x0000000727395e80}: 'void java.lang.invoke.DirectMethodHandle$Holder.invokeVirtual(java.lang.Object, java.lang.Object, long)'> (0x0000000727395e80) 
thrown [s\open\src\hotspot\share\interpreter\linkResolver.cpp, line 805]
Event: 7.787 Thread 0x000001cd75d975d0 Exception <a 'java/lang/NoSuchMethodError'{0x00000007271a7e10}: 'int java.lang.invoke.DirectMethodHandle$Holder.invokeStaticInit(java.lang.Object, java.lang.Object, java.lang.Object, java.lang.Object)'> (0x00000007271a7e10) 
thrown [s\open\src\hotspot\share\interpreter\linkResolver.cpp, line 805]
Event: 7.863 Thread 0x000001cd75d975d0 Exception <a 'java/lang/IncompatibleClassChangeError'{0x0000000726c95b60}: Found class java.lang.Object, but interface was expected> (0x0000000726c95b60) 
thrown [s\open\src\hotspot\share\interpreter\linkResolver.cpp, line 872]
Event: 7.945 Thread 0x000001cd75d975d0 Exception <a 'java/lang/IncompatibleClassChangeError'{0x000000072f0abcb8}: Found class java.lang.Object, but interface was expected> (0x000000072f0abcb8) 
thrown [s\open\src\hotspot\share\interpreter\linkResolver.cpp, line 872]
Event: 7.975 Thread 0x000001cd75d975d0 Exception <a 'java/lang/IncompatibleClassChangeError'{0x000000072882ea18}: Found class java.lang.Object, but interface was expected> (0x000000072882ea18) 
thrown [s\open\src\hotspot\share\interpreter\linkResolver.cpp, line 872]
Event: 8.152 Thread 0x000001cd75d975d0 Exception <a 'java/lang/IncompatibleClassChangeError'{0x00000007ffea8780}: Found class java.lang.Object, but interface was expected> (0x00000007ffea8780) 
thrown [s\open\src\hotspot\share\interpreter\linkResolver.cpp, line 872]
Event: 8.234 Thread 0x000001cd75d975d0 Exception <a 'java/lang/NoSuchMethodError'{0x00000007288609f8}: 'java.lang.Object java.lang.invoke.DirectMethodHandle$Holder.invokeStatic(java.lang.Object, int, java.lang.Object, java.lang.Object)'> (0x00000007288609f8) 
thrown [s\open\src\hotspot\share\interpreter\linkResolver.cpp, line 805]
Event: 8.234 Thread 0x000001cd75d975d0 Exception <a 'java/lang/NoSuchMethodError'{0x0000000728869518}: 'java.lang.Object java.lang.invoke.DirectMethodHandle$Holder.invokeSpecial(java.lang.Object, java.lang.Object, int, java.lang.Object, java.lang.Object)'> (0x0000000728869518) 
thrown [s\open\src\hotspot\share\interpreter\linkResolver.cpp, line 805]
Event: 8.234 Thread 0x000001cd75d975d0 Exception <a 'java/lang/NoSuchMethodError'{0x0000000728871900}: 'java.lang.Object java.lang.invoke.DelegatingMethodHandle$Holder.delegate(java.lang.Object, int, java.lang.Object, java.lang.Object)'> (0x0000000728871900) 
thrown [s\open\src\hotspot\share\interpreter\linkResolver.cpp, line 805]
Event: 8.236 Thread 0x000001cd75d975d0 Exception <a 'java/lang/NoSuchMethodError'{0x0000000728895218}: 'int java.lang.invoke.Invokers$Holder.linkToTargetMethod(java.lang.Object, java.lang.Object, java.lang.Object)'> (0x0000000728895218) 
thrown [s\open\src\hotspot\share\interpreter\linkResolver.cpp, line 805]
Event: 9.554 Thread 0x000001cd75d975d0 Exception <a 'java/lang/NoSuchMethodError'{0x0000000729bf4590}: 'java.lang.Object java.lang.invoke.DirectMethodHandle$Holder.newInvokeSpecial(java.lang.Object, java.lang.Object, int, java.lang.Object, java.lang.Object)'> (0x0000000729bf4590) 
thrown [s\open\src\hotspot\share\interpreter\linkResolver.cpp, line 805]
Event: 9.912 Thread 0x000001cd4eac7870 Exception <a 'java/lang/NoSuchMethodError'{0x00000007294aee28}: 'java.lang.Object java.lang.invoke.DirectMethodHandle$Holder.invokeInterface(java.lang.Object, java.lang.Object, java.lang.Object, java.lang.Object, java.lang.Object, java.lang.Object, java.lang.Object)'> (0x00000007294aee28) 
thrown [s\open\src\hotspot\share\interpreter\linkResolver.cpp, line 805]
Event: 26.694 Thread 0x000001cd7fde0820 Exception <a 'java/lang/NoSuchMethodError'{0x00000007292a10d8}: 'void java.lang.invoke.DirectMethodHandle$Holder.invokeStaticInit(java.lang.Object)'> (0x00000007292a10d8) 
thrown [s\open\src\hotspot\share\interpreter\linkResolver.cpp, line 805]
Event: 26.780 Thread 0x000001cd7fde0820 Exception <a 'java/lang/NoSuchMethodError'{0x0000000728c50f08}: 'void java.lang.invoke.DirectMethodHandle$Holder.invokeSpecial(java.lang.Object, java.lang.Object, int)'> (0x0000000728c50f08) 
thrown [s\open\src\hotspot\share\interpreter\linkResolver.cpp, line 805]
Event: 26.781 Thread 0x000001cd7fde0820 Exception <a 'java/lang/NoSuchMethodError'{0x0000000728c58b28}: 'void java.lang.invoke.Invokers$Holder.invokeExact_MT(java.lang.Object, int, java.lang.Object)'> (0x0000000728c58b28) 
thrown [s\open\src\hotspot\share\interpreter\linkResolver.cpp, line 805]
Event: 26.788 Thread 0x000001cd7fde0820 Exception <a 'sun/nio/fs/WindowsException'{0x0000000728cd9060}> (0x0000000728cd9060) 
thrown [s\open\src\hotspot\share\prims\jni.cpp, line 518]
Event: 26.790 Thread 0x000001cd7fde0820 Exception <a 'sun/nio/fs/WindowsException'{0x0000000728ce5ef8}> (0x0000000728ce5ef8) 
thrown [s\open\src\hotspot\share\prims\jni.cpp, line 518]
Event: 26.793 Thread 0x000001cd7fde0820 Exception <a 'sun/nio/fs/WindowsException'{0x0000000728cf7c28}> (0x0000000728cf7c28) 
thrown [s\open\src\hotspot\share\prims\jni.cpp, line 518]

VM Operations (20 events):
Event: 8.349 Executing VM operation: HandshakeAllThreads (Deoptimize)
Event: 8.349 Executing VM operation: HandshakeAllThreads (Deoptimize) done
Event: 8.469 Executing VM operation: HandshakeAllThreads (Deoptimize)
Event: 8.469 Executing VM operation: HandshakeAllThreads (Deoptimize) done
Event: 8.507 Executing VM operation: G1CollectForAllocation (G1 Evacuation Pause)
Event: 8.513 Executing VM operation: G1CollectForAllocation (G1 Evacuation Pause) done
Event: 8.632 Executing VM operation: G1CollectForAllocation (G1 Evacuation Pause)
Event: 8.641 Executing VM operation: G1CollectForAllocation (G1 Evacuation Pause) done
Event: 8.819 Executing VM operation: G1CollectForAllocation (G1 Evacuation Pause)
Event: 8.825 Executing VM operation: G1CollectForAllocation (G1 Evacuation Pause) done
Event: 8.894 Executing VM operation: G1CollectForAllocation (G1 Evacuation Pause)
Event: 8.902 Executing VM operation: G1CollectForAllocation (G1 Evacuation Pause) done
Event: 8.927 Executing VM operation: G1PauseRemark
Event: 8.930 Executing VM operation: G1PauseRemark done
Event: 8.940 Executing VM operation: G1PauseCleanup
Event: 8.940 Executing VM operation: G1PauseCleanup done
Event: 9.325 Executing VM operation: G1CollectForAllocation (G1 Evacuation Pause)
Event: 9.334 Executing VM operation: G1CollectForAllocation (G1 Evacuation Pause) done
Event: 26.816 Executing VM operation: JFRSafepointClear
Event: 26.816 Executing VM operation: JFRSafepointClear done

Memory protections (0 events):
No events

Nmethod flushes (20 events):
Event: 8.929 Thread 0x000001cd7fdc9830 flushing  nmethod 0x000001cd00a1ce08
Event: 8.929 Thread 0x000001cd7fdc9830 flushing  nmethod 0x000001cd00a1df08
Event: 8.929 Thread 0x000001cd7fdc9830 flushing  nmethod 0x000001cd00466b08
Event: 8.929 Thread 0x000001cd7fdc9830 flushing  nmethod 0x000001cd0074de08
Event: 8.929 Thread 0x000001cd7fdc9830 flushing  nmethod 0x000001cd007bf608
Event: 8.929 Thread 0x000001cd7fdc9830 flushing  nmethod 0x000001cd007d2108
Event: 8.929 Thread 0x000001cd7fdc9830 flushing  nmethod 0x000001cd00876388
Event: 8.929 Thread 0x000001cd7fdc9830 flushing  nmethod 0x000001cd00a28c88
Event: 8.929 Thread 0x000001cd7fdc9830 flushing  nmethod 0x000001cd00793808
Event: 8.929 Thread 0x000001cd7fdc9830 flushing  nmethod 0x000001cd007b4188
Event: 8.929 Thread 0x000001cd7fdc9830 flushing  nmethod 0x000001cd007f9c88
Event: 8.929 Thread 0x000001cd7fdc9830 flushing  nmethod 0x000001cd00863f08
Event: 8.929 Thread 0x000001cd7fdc9830 flushing  nmethod 0x000001cd0083aa08
Event: 8.929 Thread 0x000001cd7fdc9830 flushing  nmethod 0x000001cd0086bb88
Event: 8.929 Thread 0x000001cd7fdc9830 flushing  nmethod 0x000001cd00a26988
Event: 8.929 Thread 0x000001cd7fdc9830 flushing  nmethod 0x000001cd0066e808
Event: 8.929 Thread 0x000001cd7fdc9830 flushing  nmethod 0x000001cd002e4808
Event: 8.929 Thread 0x000001cd7fdc9830 flushing  nmethod 0x000001cd003c8a88
Event: 8.929 Thread 0x000001cd7fdc9830 flushing  nmethod 0x000001cd0081ad08
Event: 8.929 Thread 0x000001cd7fdc9830 flushing  nmethod 0x000001cd00883e08

Events (20 events):
Event: 9.564 Thread 0x000001cd75d975d0 Thread added: 0x000001cd50a51bd0
Event: 9.564 Thread 0x000001cd75d975d0 Thread added: 0x000001cd50a57ae0
Event: 9.576 Thread 0x000001cd75d975d0 Thread added: 0x000001cd50a58980
Event: 9.578 Thread 0x000001cd75d975d0 Thread added: 0x000001cd50a564f0
Event: 9.597 Thread 0x000001cd75d975d0 Thread exited: 0x000001cd75d975d0
Event: 9.597 Thread 0x000001cd50a55650 Thread added: 0x000001cd50a55650
Event: 9.899 Thread 0x000001cd4eac7870 Thread added: 0x000001cd50a56c40
Event: 9.905 Thread 0x000001cd50a56c40 Thread exited: 0x000001cd50a56c40
Event: 9.905 Thread 0x000001cd4eac7870 Thread added: 0x000001cd50a590d0
Event: 9.916 Thread 0x000001cd50a590d0 Thread exited: 0x000001cd50a590d0
Event: 9.917 Thread 0x000001cd4eac7870 Thread added: 0x000001cd50a56c40
Event: 9.925 Thread 0x000001cd50a56c40 Thread exited: 0x000001cd50a56c40
Event: 10.489 Thread 0x000001cd4e870500 Thread exited: 0x000001cd4e870500
Event: 10.490 Thread 0x000001cd4e100ec0 Thread exited: 0x000001cd4e100ec0
Event: 10.490 Thread 0x000001cd4e0fe720 Thread exited: 0x000001cd4e0fe720
Event: 10.683 Thread 0x000001cd4f561dd0 Thread exited: 0x000001cd4f561dd0
Event: 26.691 Thread 0x000001cd7fde0820 Thread added: 0x000001cd50a58230
Event: 26.750 Thread 0x000001cd7fdecb00 Thread added: 0x000001cd50a82990
Event: 26.779 Thread 0x000001cd7fdecb00 Thread added: 0x000001cd50a7fc30
Event: 26.783 Thread 0x000001cd7fde0820 Thread added: 0x000001cd50a55da0


Dynamic libraries:
0x00007ff611340000 - 0x00007ff61134e000 	C:\Users\josue\.jdks\openjdk-24\bin\java.exe
0x00007ff9c2480000 - 0x00007ff9c26e6000 	C:\WINDOWS\SYSTEM32\ntdll.dll
0x00007ff9c0240000 - 0x00007ff9c0309000 	C:\WINDOWS\System32\KERNEL32.DLL
0x00007ff9bfe70000 - 0x00007ff9c023c000 	C:\WINDOWS\System32\KERNELBASE.dll
0x00007ff9bf760000 - 0x00007ff9bf8ab000 	C:\WINDOWS\System32\ucrtbase.dll
0x00007ff991c40000 - 0x00007ff991c5b000 	C:\Users\josue\.jdks\openjdk-24\bin\VCRUNTIME140.dll
0x00007ff991d30000 - 0x00007ff991d46000 	C:\Users\josue\.jdks\openjdk-24\bin\jli.dll
0x00007ff9c0f10000 - 0x00007ff9c10da000 	C:\WINDOWS\System32\USER32.dll
0x00007ff9a9910000 - 0x00007ff9a9baa000 	C:\WINDOWS\WinSxS\amd64_microsoft.windows.common-controls_6595b64144ccf1df_6.0.26100.3912_none_3e07963ce335137e\COMCTL32.dll
0x00007ff9bfd90000 - 0x00007ff9bfdb7000 	C:\WINDOWS\System32\win32u.dll
0x00007ff9c10e0000 - 0x00007ff9c1189000 	C:\WINDOWS\System32\msvcrt.dll
0x00007ff9c0d20000 - 0x00007ff9c0d4b000 	C:\WINDOWS\System32\GDI32.dll
0x00007ff9bf8b0000 - 0x00007ff9bf9e2000 	C:\WINDOWS\System32\gdi32full.dll
0x00007ff9bfdc0000 - 0x00007ff9bfe63000 	C:\WINDOWS\System32\msvcp_win.dll
0x00007ff9c0580000 - 0x00007ff9c05b0000 	C:\WINDOWS\System32\IMM32.DLL
0x00007ff991c30000 - 0x00007ff991c3c000 	C:\Users\josue\.jdks\openjdk-24\bin\vcruntime140_1.dll
0x00007ff989ba0000 - 0x00007ff989c2e000 	C:\Users\josue\.jdks\openjdk-24\bin\msvcp140.dll
0x00007ff92a600000 - 0x00007ff92b3a2000 	C:\Users\josue\.jdks\openjdk-24\bin\server\jvm.dll
0x00007ff9c1870000 - 0x00007ff9c1922000 	C:\WINDOWS\System32\ADVAPI32.dll
0x00007ff9c0860000 - 0x00007ff9c0906000 	C:\WINDOWS\System32\sechost.dll
0x00007ff9c0320000 - 0x00007ff9c0436000 	C:\WINDOWS\System32\RPCRT4.dll
0x00007ff9c0910000 - 0x00007ff9c0984000 	C:\WINDOWS\System32\WS2_32.dll
0x00007ff9be200000 - 0x00007ff9be25e000 	C:\WINDOWS\SYSTEM32\POWRPROF.dll
0x00007ff9bc240000 - 0x00007ff9bc276000 	C:\WINDOWS\SYSTEM32\WINMM.dll
0x00007ff9aee20000 - 0x00007ff9aee2b000 	C:\WINDOWS\SYSTEM32\VERSION.dll
0x00007ff9be1e0000 - 0x00007ff9be1f4000 	C:\WINDOWS\SYSTEM32\UMPDC.dll
0x00007ff9be410000 - 0x00007ff9be42a000 	C:\WINDOWS\SYSTEM32\kernel.appcore.dll
0x00007ff991be0000 - 0x00007ff991bea000 	C:\Users\josue\.jdks\openjdk-24\bin\jimage.dll
0x00007ff9bcc80000 - 0x00007ff9bcec1000 	C:\WINDOWS\SYSTEM32\DBGHELP.DLL
0x00007ff9c0990000 - 0x00007ff9c0d14000 	C:\WINDOWS\System32\combase.dll
0x00007ff9c0660000 - 0x00007ff9c0740000 	C:\WINDOWS\System32\OLEAUT32.dll
0x00007ff9bbc80000 - 0x00007ff9bbcb9000 	C:\WINDOWS\SYSTEM32\dbgcore.DLL
0x00007ff9bfcf0000 - 0x00007ff9bfd89000 	C:\WINDOWS\System32\bcryptPrimitives.dll
0x00007ff9b6de0000 - 0x00007ff9b6def000 	C:\Users\josue\.jdks\openjdk-24\bin\instrument.dll
0x00007ff98c0b0000 - 0x00007ff98c0ce000 	C:\Users\josue\.jdks\openjdk-24\bin\java.dll
0x00007ff9c1230000 - 0x00007ff9c13cf000 	C:\WINDOWS\System32\ole32.dll
0x00007ff9c1930000 - 0x00007ff9c205d000 	C:\WINDOWS\System32\SHELL32.dll
0x00007ff9bfb70000 - 0x00007ff9bfce4000 	C:\WINDOWS\System32\wintypes.dll
0x00007ff9bd260000 - 0x00007ff9bdab6000 	C:\WINDOWS\SYSTEM32\windows.storage.dll
0x00007ff9c0750000 - 0x00007ff9c083f000 	C:\WINDOWS\System32\SHCORE.dll
0x00007ff9c05f0000 - 0x00007ff9c0659000 	C:\WINDOWS\System32\shlwapi.dll
0x00007ff9bf520000 - 0x00007ff9bf54f000 	C:\WINDOWS\SYSTEM32\profapi.dll
0x00007ff98a120000 - 0x00007ff98a137000 	C:\Users\josue\.jdks\openjdk-24\bin\zip.dll
0x00007ff990750000 - 0x00007ff990760000 	C:\Users\josue\.jdks\openjdk-24\bin\net.dll
0x00007ff9bea00000 - 0x00007ff9bea6a000 	C:\WINDOWS\system32\mswsock.dll
0x00007ff98c030000 - 0x00007ff98c046000 	C:\Users\josue\.jdks\openjdk-24\bin\nio.dll
0x00007ff9bdf30000 - 0x00007ff9be057000 	C:\WINDOWS\SYSTEM32\DNSAPI.dll
0x00007ff9bde90000 - 0x00007ff9bdec3000 	C:\WINDOWS\SYSTEM32\IPHLPAPI.DLL
0x00007ff9c0850000 - 0x00007ff9c085a000 	C:\WINDOWS\System32\NSI.dll
0x0000000077240000 - 0x0000000077266000 	C:\Program Files\Bonjour\mdnsNSP.dll
0x00007ff9b3280000 - 0x00007ff9b328b000 	C:\Windows\System32\rasadhlp.dll
0x00007ff9b5c70000 - 0x00007ff9b5cf6000 	C:\WINDOWS\System32\fwpuclnt.dll
0x00007ff98fea0000 - 0x00007ff98fea9000 	C:\Users\josue\.jdks\openjdk-24\bin\extnet.dll
0x00007ff9b6dd0000 - 0x00007ff9b6dda000 	C:\Users\josue\.jdks\openjdk-24\bin\management.dll
0x00007ff9b6d20000 - 0x00007ff9b6d2b000 	C:\Users\josue\.jdks\openjdk-24\bin\management_ext.dll
0x00007ff9c22d0000 - 0x00007ff9c22d8000 	C:\WINDOWS\System32\PSAPI.DLL
0x00007ff9bedc0000 - 0x00007ff9beddc000 	C:\WINDOWS\SYSTEM32\CRYPTSP.dll
0x00007ff9be430000 - 0x00007ff9be46a000 	C:\WINDOWS\system32\rsaenh.dll
0x00007ff9beaa0000 - 0x00007ff9beacb000 	C:\WINDOWS\SYSTEM32\USERENV.dll
0x00007ff9bf4f0000 - 0x00007ff9bf516000 	C:\WINDOWS\SYSTEM32\bcrypt.dll
0x00007ff9bec30000 - 0x00007ff9bec3c000 	C:\WINDOWS\SYSTEM32\CRYPTBASE.dll
0x00007ff9756b0000 - 0x00007ff9756c8000 	C:\WINDOWS\system32\napinsp.dll
0x00007ff9756d0000 - 0x00007ff9756e2000 	C:\WINDOWS\System32\winrnr.dll
0x00007ff933e90000 - 0x00007ff933ec0000 	C:\WINDOWS\system32\nlansp_c.dll
0x00007ff985ad0000 - 0x00007ff985ae6000 	C:\WINDOWS\system32\wshbth.dll
0x00007ff98fe20000 - 0x00007ff98fe2e000 	C:\Users\josue\.jdks\openjdk-24\bin\sunmscapi.dll
0x00007ff9bf9f0000 - 0x00007ff9bfb67000 	C:\WINDOWS\System32\CRYPT32.dll
0x00007ff9bef10000 - 0x00007ff9bef40000 	C:\WINDOWS\SYSTEM32\ncrypt.dll
0x00007ff9beec0000 - 0x00007ff9beeff000 	C:\WINDOWS\SYSTEM32\NTASN1.dll
0x00007ff98fe30000 - 0x00007ff98fe40000 	C:\Users\josue\.jdks\openjdk-24\bin\verify.dll
0x00007ff989ee0000 - 0x00007ff989ee8000 	C:\WINDOWS\system32\wshunix.dll
0x00007ff96fd90000 - 0x00007ff96ff9e000 	C:\Users\josue\AppData\Local\Temp\idea_libasyncProfiler_dll_temp_folder1\libasyncProfiler.dll

dbghelp: loaded successfully - version: 4.0.5 - missing functions: none
symbol engine: initialized successfully - sym options: 0x614 - pdb path: .;C:\Users\josue\.jdks\openjdk-24\bin;C:\WINDOWS\SYSTEM32;C:\WINDOWS\WinSxS\amd64_microsoft.windows.common-controls_6595b64144ccf1df_6.0.26100.3912_none_3e07963ce335137e;C:\Users\josue\.jdks\openjdk-24\bin\server;C:\Program Files\Bonjour;C:\Users\josue\AppData\Local\Temp\idea_libasyncProfiler_dll_temp_folder1

VM Arguments:
jvm_args: -XX:TieredStopAtLevel=1 -Dspring.output.ansi.enabled=always -Dcom.sun.management.jmxremote -Dspring.jmx.enabled=true -Dspring.liveBeansView.mbeanDomain -Dspring.application.admin.enabled=true -Dmanagement.endpoints.jmx.exposure.include=* -javaagent:C:\Program Files\JetBrains\IntelliJ IDEA 2024.3.4.1\lib\idea_rt.jar=62335 -Dfile.encoding=UTF-8 -Dsun.stdout.encoding=UTF-8 -Dsun.stderr.encoding=UTF-8 
java_command: com.example.labo02.Labo02Application
java_class_path (initial): C:\Users\josue\OneDrive\Imágenes\Documentos\Labo2PNC\labo02\target\classes;C:\Users\josue\.m2\repository\org\springframework\boot\spring-boot-starter-data-jpa\3.4.5\spring-boot-starter-data-jpa-3.4.5.jar;C:\Users\josue\.m2\repository\org\springframework\boot\spring-boot-starter\3.4.5\spring-boot-starter-3.4.5.jar;C:\Users\josue\.m2\repository\org\springframework\boot\spring-boot\3.4.5\spring-boot-3.4.5.jar;C:\Users\josue\.m2\repository\org\springframework\boot\spring-boot-autoconfigure\3.4.5\spring-boot-autoconfigure-3.4.5.jar;C:\Users\josue\.m2\repository\org\springframework\boot\spring-boot-starter-logging\3.4.5\spring-boot-starter-logging-3.4.5.jar;C:\Users\josue\.m2\repository\ch\qos\logback\logback-classic\1.5.18\logback-classic-1.5.18.jar;C:\Users\josue\.m2\repository\ch\qos\logback\logback-core\1.5.18\logback-core-1.5.18.jar;C:\Users\josue\.m2\repository\org\apache\logging\log4j\log4j-to-slf4j\2.24.3\log4j-to-slf4j-2.24.3.jar;C:\Users\josue\.m2\repository\org\apache\logging\log4j\log4j-api\2.24.3\log4j-api-2.24.3.jar;C:\Users\josue\.m2\repository\org\slf4j\jul-to-slf4j\2.0.17\jul-to-slf4j-2.0.17.jar;C:\Users\josue\.m2\repository\jakarta\annotation\jakarta.annotation-api\2.1.1\jakarta.annotation-api-2.1.1.jar;C:\Users\josue\.m2\repository\org\yaml\snakeyaml\2.3\snakeyaml-2.3.jar;C:\Users\josue\.m2\repository\org\springframework\boot\spring-boot-starter-jdbc\3.4.5\spring-boot-starter-jdbc-3.4.5.jar;C:\Users\josue\.m2\repository\com\zaxxer\HikariCP\5.1.0\HikariCP-5.1.0.jar;C:\Users\josue\.m2\repository\org\springframework\spring-jdbc\6.2.6\spring-jdbc-6.2.6.jar;C:\Users\josue\.m2\repository\org\hibernate\orm\hibernate-core\6.6.13.Final\hibernate-core-6.6.13.Final.jar;C:\Users\josue\.m2\repository\jakarta\persistence\jakarta.persistence-api\3.1.0\jakarta.persistence-api-3.1.0.jar;C:\Users\josue\.m2\repository\jakarta\transaction\jakarta.transaction-api\2.0.1\jakarta.transaction-api-2.0.1.jar;C:\Users\josue\.m2\repository\org\jboss\logging\jboss-logging\3.6.1.Final\jboss-logging-3.6.1.Final.jar;C:\Users\josue\.m2\repository\org\hibernate\common\hibernate-commons-annotations\7.0.3.Final\hibernate-commons-annotations-7.0.3.Final.jar;C:\Users\josue\.m2\repository\io\smallrye\jandex\3.2.0\jandex-3.2.0.jar;C:\Users\josue\.m2\repository\com\fasterxml\classmate\1.7.0\classmate-1.7.0.jar;C:\Users\josue\.m2\repository\net\bytebuddy\byte-buddy\1.15.11\byte-buddy-1.15.11.jar;C:\Users\josue\.m2\repository\org\glassfish\jaxb\jaxb-runtime\4.0.5\jaxb-runtime-4.0.5.jar;C:\Users\josue\.m2\repository\org\glassfish\jaxb\jaxb-core\4.0.5\jaxb-core-4.0.5.jar;C:\Users\josue\.m2\repository\org\eclipse\angus\angus-activation\2.0.2\angus-activation-2.0.2.jar;C:\Users\josue\.m2\repository\org\glassfish\jaxb\txw2\4.0.5\txw2-4.0.5.jar;C:\Users\josue\.m2\repository\com\sun\istack\istack-commons-runtime\4.1.2\istack-commons-runtime-4.1.2.jar;C:\Users\josue\.m2\repository\jakarta\inject\jakarta.inject-api\2.0.1\jakarta.inject-api-2.0.1.jar;C:\Users\josue\.m2\repository\org\antlr\antlr4-runtime\4.13.0\antlr4-runtime-4.13.0.jar;C:\Users\josue\.m2\repository\org\springframework\data\spring-data-jpa\3.4.5\spring-data-jpa-3.4.5.jar;C:\Users\josue\.m2\repository\org\springframework\data\spring-data-commons\3.4.5\spring-data-commons-3.4.5.jar;C:\Users\josue\.m2\repository\org\springframework\spring-orm\6.2.6\spring-orm-6.2.6.jar;C:\Users\josue\.m2\repository\org\springframework\spring-context\6.2.6\spring-context-6.2.6.jar;C:\Users\josue\.m2\repository\org\springframework\spring-aop\6.2.6\spring-aop-6.2.6.jar;C:\Users\josue\.m2\repository\org\springframework\spring-tx\6.2.6\spring-tx-6.2.6.jar;C:\Users\josue\.m2\repository\org\springframework\spring-beans\6.2.6\spring-beans-6.2.6.jar;C:\Users\josue\.m2\repository\org\slf4j\slf4j-api\2.0.17\slf4j-api-2.0.17.jar;C:\Users\josue\.m2\repository\org\springframework\spring-aspects\6.2.6\spring-aspects-6.2.6.jar;C:\Users\josue\.m2\repository\org\aspectj\aspectjweaver\1.9.24\aspectjweaver-1.9.24.jar;C:\Users\josue\.m2\repository\org\springframework\boot\spring-boot-starter-validation\3.4.5\spring-boot-starter-validation-3.4.5.jar;C:\Users\josue\.m2\repository\org\apache\tomcat\embed\tomcat-embed-el\10.1.40\tomcat-embed-el-10.1.40.jar;C:\Users\josue\.m2\repository\org\hibernate\validator\hibernate-validator\8.0.2.Final\hibernate-validator-8.0.2.Final.jar;C:\Users\josue\.m2\repository\jakarta\validation\jakarta.validation-api\3.0.2\jakarta.validation-api-3.0.2.jar;C:\Users\josue\.m2\repository\org\springframework\boot\spring-boot-starter-web\3.4.5\spring-boot-starter-web-3.4.5.jar;C:\Users\josue\.m2\repository\org\springframework\boot\spring-boot-starter-json\3.4.5\spring-boot-starter-json-3.4.5.jar;C:\Users\josue\.m2\repository\com\fasterxml\jackson\core\jackson-databind\2.18.3\jackson-databind-2.18.3.jar;C:\Users\josue\.m2\repository\com\fasterxml\jackson\core\jackson-annotations\2.18.3\jackson-annotations-2.18.3.jar;C:\Users\josue\.m2\repository\com\fasterxml\jackson\core\jackson-core\2.18.3\jackson-core-2.18.3.jar;C:\Users\josue\.m2\repository\com\fasterxml\jackson\datatype\jackson-datatype-jdk8\2.18.3\jackson-datatype-jdk8-2.18.3.jar;C:\Users\josue\.m2\repository\com\fasterxml\jackson\datatype\jackson-datatype-jsr310\2.18.3\jackson-datatype-jsr310-2.18.3.jar;C:\Users\josue\.m2\repository\com\fasterxml\jackson\module\jackson-module-parameter-names\2.18.3\jackson-module-parameter-names-2.18.3.jar;C:\Users\josue\.m2\repository\org\springframework\boot\spring-boot-starter-tomcat\3.4.5\spring-boot-starter-tomcat-3.4.5.jar;C:\Users\josue\.m2\repository\org\apache\tomcat\embed\tomcat-embed-core\10.1.40\tomcat-embed-core-10.1.40.jar;C:\Users\josue\.m2\repository\org\apache\tomcat\embed\tomcat-embed-websocket\10.1.40\tomcat-embed-websocket-10.1.40.jar;C:\Users\josue\.m2\repository\org\springframework\spring-web\6.2.6\spring-web-6.2.6.jar;C:\Users\josue\.m2\repository\io\micrometer\micrometer-observation\1.14.6\micrometer-observation-1.14.6.jar;C:\Users\josue\.m2\repository\io\micrometer\micrometer-commons\1.14.6\micrometer-commons-1.14.6.jar;C:\Users\josue\.m2\repository\org\springframework\spring-webmvc\6.2.6\spring-webmvc-6.2.6.jar;C:\Users\josue\.m2\repository\org\springframework\spring-expression\6.2.6\spring-expression-6.2.6.jar;C:\Users\josue\.m2\repository\org\postgresql\postgresql\42.7.5\postgresql-42.7.5.jar;C:\Users\josue\.m2\repository\org\checkerframework\checker-qual\3.48.3\checker-qual-3.48.3.jar;C:\Users\josue\.m2\repository\org\projectlombok\lombok\1.18.38\lombok-1.18.38.jar;C:\Users\josue\.m2\repository\jakarta\xml\bind\jakarta.xml.bind-api\4.0.2\jakarta.xml.bind-api-4.0.2.jar;C:\Users\josue\.m2\repository\jakarta\activation\jakarta.activation-api\2.1.3\jakarta.activation-api-2.1.3.jar;C:\Users\josue\.m2\repository\org\springframework\spring-core\6.2.6\spring-core-6.2.6.jar;C:\Users\josue\.m2\repository\org\springframework\spring-jcl\6.2.6\spring-jcl-6.2.6.jar
Launcher Type: SUN_STANDARD

[Global flags]
     intx CICompilerCount                          = 4                                         {product} {ergonomic}
     uint ConcGCThreads                            = 3                                         {product} {ergonomic}
     bool FlightRecorder                           = true                                      {product} {management}
     uint G1ConcRefinementThreads                  = 10                                        {product} {ergonomic}
   size_t G1HeapRegionSize                         = 2097152                                   {product} {ergonomic}
   size_t InitialHeapSize                          = 230686720                                 {product} {ergonomic}
     bool ManagementServer                         = true                                      {product} {command line}
   size_t MarkStackSize                            = 4194304                                   {product} {ergonomic}
   size_t MarkStackSizeMax                         = 536870912                                 {product} {ergonomic}
   size_t MaxHeapSize                              = 3686793216                                {product} {ergonomic}
   size_t MaxNewSize                               = 2210398208                                {product} {ergonomic}
   size_t MinHeapDeltaBytes                        = 2097152                                   {product} {ergonomic}
   size_t MinHeapSize                              = 8388608                                   {product} {ergonomic}
    uintx NonNMethodCodeHeapSize                   = 4096                                   {pd product} {ergonomic}
    uintx NonProfiledCodeHeapSize                  = 0                                      {pd product} {ergonomic}
     bool ProfileInterpreter                       = false                                  {pd product} {command line}
    uintx ProfiledCodeHeapSize                     = 0                                      {pd product} {ergonomic}
   size_t SoftMaxHeapSize                          = 3686793216                             {manageable} {ergonomic}
     intx TieredStopAtLevel                        = 1                                         {product} {command line}
     bool UseCompressedOops                        = true                           {product lp64_product} {ergonomic}
     bool UseG1GC                                  = true                                      {product} {ergonomic}
     bool UseLargePagesIndividualAllocation        = false                                  {pd product} {ergonomic}

Logging:
Log output configuration:
 #0: stdout all=warning uptime,level,tags foldmultilines=false
 #1: stderr all=off uptime,level,tags foldmultilines=false

Environment Variables:
PATH=C:\Program Files\Common Files\Oracle\Java\javapath;C:\Program Files\Eclipse Adoptium\jdk-21.0.6.7-hotspot\bin;C:\Program Files\Eclipse Adoptium\jdk-24.0.0.36-hotspot\bin;C:\WINDOWS\system32;C:\WINDOWS;C:\WINDOWS\System32\Wbem;C:\WINDOWS\System32\WindowsPowerShell\v1.0\;C:\WINDOWS\System32\OpenSSH\;C:\msys64\mingw64\bin;C:\Program Files\Docker\Docker\resources\bin;C:\Program Files (x86)\Microsoft SQL Server\160\Tools\Binn\;C:\Program Files\Microsoft SQL Server\160\Tools\Binn\;C:\Program Files\Microsoft SQL Server\Client SDK\ODBC\170\Tools\Binn\;C:\Program Files\Microsoft SQL Server\160\DTS\Binn\;C:\Program Files\Git\cmd;C:\Program Files\Microsoft SQL Server\150\Tools\Binn\;C:\Program Files\dotnet\;C:\Program Files\Microsoft SQL Server\130\DTS\Binn\;C:\Program Files\Microsoft SQL Server\140\DTS\Binn\;C:\Program Files\Microsoft SQL Server\150\DTS\Binn\;C:\Users\josue\AppData\Local\Programs\Python\Python313\Scripts\;C:\Users\josue\AppData\Local\Programs\Python\Python313\;C:\Users\josue\AppData\Local\Programs\Python\Launcher\;C:\Users\josue\AppData\Local\Microsoft\WindowsApps;C:\Users\josue\AppData\Local\Programs\Microsoft VS Code\bin;;C:\Program Files\JetBrains\IntelliJ IDEA 2024.3.4.1\bin;;C:\Program Files\JetBrains\GoLand 2024.3.5\bin;;C:\Users\josue\AppData\Local\Programs\Azure Data Studio\bin;C:\Users\josue\.dotnet\tools;C:\Program Files\JetBrains\DataGrip 2025.1.1\bin;
USERNAME=josue
OS=Windows_NT
PROCESSOR_IDENTIFIER=Intel64 Family 6 Model 186 Stepping 3, GenuineIntel
TMP=C:\Users\josue\AppData\Local\Temp
TEMP=C:\Users\josue\AppData\Local\Temp




Periodic native trim disabled

---------------  S Y S T E M  ---------------

OS:
 Windows 11 , 64 bit Build 26100 (10.0.26100.3912)
OS uptime: 0 days 14:14 hours
Hyper-V role detected

CPU: total 12 (initial active 12) (6 cores per cpu, 2 threads per core) family 6 model 186 stepping 3 microcode 0x4123, cx8, cmov, fxsr, ht, mmx, 3dnowpref, sse, sse2, sse3, ssse3, sse4.1, sse4.2, popcnt, lzcnt, tsc, tscinvbit, avx, avx2, aes, erms, clmul, bmi1, bmi2, adx, sha, fma, vzeroupper, clflush, clflushopt, clwb, hv, serialize, rdtscp, rdpid, fsrm, gfni, f16c, cet_ibt, cet_ss
Processor Information for processor 0
  Max Mhz: 1700, Current Mhz: 1700, Mhz Limit: 1700
Processor Information for processor 1
  Max Mhz: 1700, Current Mhz: 1700, Mhz Limit: 1700
Processor Information for processor 2
  Max Mhz: 1700, Current Mhz: 1700, Mhz Limit: 1700
Processor Information for processor 3
  Max Mhz: 1700, Current Mhz: 1700, Mhz Limit: 1700
Processor Information for processor 4
  Max Mhz: 1700, Current Mhz: 1200, Mhz Limit: 1190
Processor Information for processor 5
  Max Mhz: 1700, Current Mhz: 1200, Mhz Limit: 1190
Processor Information for processor 6
  Max Mhz: 1700, Current Mhz: 1200, Mhz Limit: 1190
Processor Information for processor 7
  Max Mhz: 1700, Current Mhz: 1200, Mhz Limit: 1190
Processor Information for processor 8
  Max Mhz: 1700, Current Mhz: 1200, Mhz Limit: 1190
Processor Information for processor 9
  Max Mhz: 1700, Current Mhz: 1200, Mhz Limit: 1190
Processor Information for processor 10
  Max Mhz: 1700, Current Mhz: 1200, Mhz Limit: 1190
Processor Information for processor 11
  Max Mhz: 1700, Current Mhz: 1200, Mhz Limit: 1190

Memory: 4k page, system-wide physical 14060M (2163M free)
TotalPageFile size 21987M (AvailPageFile size 2043M)
current process WorkingSet (physical memory assigned to process): 260M, peak: 263M
current process commit charge ("private bytes"): 324M, peak: 349M

vm_info: OpenJDK 64-Bit Server VM (24+36-3646) for windows-amd64 JRE (24+36-3646), built on 2025-02-06T00:20:43Z with MS VC++ 17.6 (VS2022)

END.
